# JRE version: OpenJDK Runtime Environment (17.0.6) (build 17.0.6+0-b2043.56-9586694)
# Java VM: OpenJDK 64-Bit Server VM (17.0.6+0-b2043.56-9586694, mixed mode, tiered, compressed oops, compressed class ptrs, g1 gc, windows-amd64)
GC Precious Log:
 CPUs: 8 total, 8 available
 Memory: 10120M
 Large Page Support: Disabled
 NUMA Support: Disabled
 Compressed Oops: Enabled (32-bit)
 Heap Region Size: 1M
 Heap Min Capacity: 8M
 Heap Initial Capacity: 160M
 Heap Max Capacity: 2G
 Pre-touch: Disabled
 Parallel Workers: 8
 Concurrent Workers: 2
 Concurrent Refinement Workers: 8
 Periodic GC: Disabled
Heap:
 garbage-first heap   total 184320K, used 134091K [0x0000000080000000, 0x0000000100000000)
  region size 1024K, 30 young (30720K), 2 survivors (2048K)
 Metaspace       used 98355K, committed 99072K, reserved 1138688K
  class space    used 13271K, committed 13568K, reserved 1048576K
GC Heap History (20 events):
Event: 12.104 GC heap before
{Heap before GC invocations=28 (full 0):
 garbage-first heap   total 135168K, used 105870K [0x0000000080000000, 0x0000000100000000)
  region size 1024K, 40 young (40960K), 3 survivors (3072K)
 Metaspace       used 80449K, committed 81024K, reserved 1122304K
  class space    used 10900K, committed 11136K, reserved 1048576K
}
Event: 12.112 GC heap after
{Heap after GC invocations=29 (full 0):
 garbage-first heap   total 184320K, used 70656K [0x0000000080000000, 0x0000000100000000)
  region size 1024K, 5 young (5120K), 5 survivors (5120K)
 Metaspace       used 80449K, committed 81024K, reserved 1122304K
  class space    used 10900K, committed 11136K, reserved 1048576K
}
Event: 13.136 GC heap before
{Heap before GC invocations=30 (full 0):
 garbage-first heap   total 184320K, used 141312K [0x0000000080000000, 0x0000000100000000)
  region size 1024K, 74 young (75776K), 5 survivors (5120K)
 Metaspace       used 85861K, committed 86464K, reserved 1130496K
  class space    used 11670K, committed 11968K, reserved 1048576K
}
Event: 13.148 GC heap after
{Heap after GC invocations=31 (full 0):
 garbage-first heap   total 184320K, used 78583K [0x0000000080000000, 0x0000000100000000)
  region size 1024K, 10 young (10240K), 10 survivors (10240K)
 Metaspace       used 85861K, committed 86464K, reserved 1130496K
  class space    used 11670K, committed 11968K, reserved 1048576K
}
Event: 14.055 GC heap before
{Heap before GC invocations=31 (full 0):
 garbage-first heap   total 184320K, used 140023K [0x0000000080000000, 0x0000000100000000)
  region size 1024K, 71 young (72704K), 10 survivors (10240K)
 Metaspace       used 88356K, committed 89024K, reserved 1130496K
  class space    used 12169K, committed 12480K, reserved 1048576K
}
Event: 14.073 GC heap after
{Heap after GC invocations=32 (full 0):
 garbage-first heap   total 184320K, used 86116K [0x0000000080000000, 0x0000000100000000)
  region size 1024K, 8 young (8192K), 8 survivors (8192K)
 Metaspace       used 88356K, committed 89024K, reserved 1130496K
  class space    used 12169K, committed 12480K, reserved 1048576K
}
Event: 14.926 GC heap before
{Heap before GC invocations=32 (full 0):
 garbage-first heap   total 184320K, used 142436K [0x0000000080000000, 0x0000000100000000)
  region size 1024K, 64 young (65536K), 8 survivors (8192K)
 Metaspace       used 89586K, committed 90240K, reserved 1130496K
  class space    used 12302K, committed 12608K, reserved 1048576K
}
Event: 14.937 GC heap after
{Heap after GC invocations=33 (full 0):
 garbage-first heap   total 184320K, used 90645K [0x0000000080000000, 0x0000000100000000)
  region size 1024K, 5 young (5120K), 5 survivors (5120K)
 Metaspace       used 89586K, committed 90240K, reserved 1130496K
  class space    used 12302K, committed 12608K, reserved 1048576K
}
Event: 15.936 GC heap before
{Heap before GC invocations=33 (full 0):
 garbage-first heap   total 184320K, used 147989K [0x0000000080000000, 0x0000000100000000)
  region size 1024K, 61 young (62464K), 5 survivors (5120K)
 Metaspace       used 95663K, committed 96320K, reserved 1138688K
  class space    used 13078K, committed 13376K, reserved 1048576K
}
Event: 15.946 GC heap after
{Heap after GC invocations=34 (full 0):
 garbage-first heap   total 184320K, used 95232K [0x0000000080000000, 0x0000000100000000)
  region size 1024K, 8 young (8192K), 8 survivors (8192K)
 Metaspace       used 95663K, committed 96320K, reserved 1138688K
  class space    used 13078K, committed 13376K, reserved 1048576K
}
Event: 312.243 GC heap before
{Heap before GC invocations=35 (full 0):
 garbage-first heap   total 184320K, used 148480K [0x0000000080000000, 0x0000000100000000)
  region size 1024K, 61 young (62464K), 8 survivors (8192K)
 Metaspace       used 96730K, committed 97344K, reserved 1138688K
  class space    used 13180K, committed 13440K, reserved 1048576K
}
Event: 312.260 GC heap after
{Heap after GC invocations=36 (full 0):
 garbage-first heap   total 184320K, used 98397K [0x0000000080000000, 0x0000000100000000)
  region size 1024K, 4 young (4096K), 4 survivors (4096K)
 Metaspace       used 96730K, committed 97344K, reserved 1138688K
  class space    used 13180K, committed 13440K, reserved 1048576K
}
Event: 312.518 GC heap before
{Heap before GC invocations=36 (full 0):
 garbage-first heap   total 184320K, used 103517K [0x0000000080000000, 0x0000000100000000)
  region size 1024K, 9 young (9216K), 4 survivors (4096K)
 Metaspace       used 96804K, committed 97408K, reserved 1138688K
  class space    used 13185K, committed 13440K, reserved 1048576K
}
Event: 312.523 GC heap after
{Heap after GC invocations=37 (full 0):
 garbage-first heap   total 184320K, used 98974K [0x0000000080000000, 0x0000000100000000)
  region size 1024K, 2 young (2048K), 2 survivors (2048K)
 Metaspace       used 96804K, committed 97408K, reserved 1138688K
  class space    used 13185K, committed 13440K, reserved 1048576K
}
Event: 313.566 GC heap before
{Heap before GC invocations=37 (full 0):
 garbage-first heap   total 184320K, used 149150K [0x0000000080000000, 0x0000000100000000)
  region size 1024K, 52 young (53248K), 2 survivors (2048K)
 Metaspace       used 97476K, committed 98176K, reserved 1138688K
  class space    used 13199K, committed 13504K, reserved 1048576K
}
Event: 313.576 GC heap after
{Heap after GC invocations=38 (full 0):
 garbage-first heap   total 184320K, used 105472K [0x0000000080000000, 0x0000000100000000)
  region size 1024K, 7 young (7168K), 7 survivors (7168K)
 Metaspace       used 97476K, committed 98176K, reserved 1138688K
  class space    used 13199K, committed 13504K, reserved 1048576K
}
Event: 576.878 GC heap before
{Heap before GC invocations=39 (full 0):
 garbage-first heap   total 184320K, used 151552K [0x0000000080000000, 0x0000000100000000)
  region size 1024K, 52 young (53248K), 7 survivors (7168K)
 Metaspace       used 97878K, committed 98560K, reserved 1138688K
  class space    used 13223K, committed 13504K, reserved 1048576K
}
Event: 576.891 GC heap after
{Heap after GC invocations=40 (full 0):
 garbage-first heap   total 184320K, used 109497K [0x0000000080000000, 0x0000000100000000)
  region size 1024K, 5 young (5120K), 5 survivors (5120K)
 Metaspace       used 97878K, committed 98560K, reserved 1138688K
  class space    used 13223K, committed 13504K, reserved 1048576K
}
Event: 577.130 GC heap before
{Heap before GC invocations=40 (full 0):
 garbage-first heap   total 184320K, used 113593K [0x0000000080000000, 0x0000000100000000)
  region size 1024K, 9 young (9216K), 5 survivors (5120K)
 Metaspace       used 97921K, committed 98560K, reserved 1138688K
  class space    used 13224K, committed 13504K, reserved 1048576K
}
Event: 577.142 GC heap after
{Heap after GC invocations=41 (full 0):
 garbage-first heap   total 184320K, used 107467K [0x0000000080000000, 0x0000000100000000)
  region size 1024K, 2 young (2048K), 2 survivors (2048K)
 Metaspace       used 97921K, committed 98560K, reserved 1138688K
  class space    used 13224K, committed 13504K, reserved 1048576K
}

